WARNING: A restricted method in java.lang.System has been called
WARNING: java.lang.System::load has been called by org.fusesource.jansi.internal.JansiLoader in an unnamed module (file:/Users/guiwenhui/Documents/DevelopEnvironment/apache-maven-3.9.9/lib/jansi-2.4.1.jar)
WARNING: Use --enable-native-access=ALL-UNNAMED to avoid a warning for callers in this module
WARNING: Restricted methods will be blocked in a future release unless native access is enabled

WARNING: A terminally deprecated method in sun.misc.Unsafe has been called
WARNING: sun.misc.Unsafe::objectFieldOffset has been called by com.google.common.util.concurrent.AbstractFuture$UnsafeAtomicHelper (file:/Users/guiwenhui/Documents/DevelopEnvironment/apache-maven-3.9.9/lib/guava-33.2.1-jre.jar)
WARNING: Please consider reporting this to the maintainers of class com.google.common.util.concurrent.AbstractFuture$UnsafeAtomicHelper
WARNING: sun.misc.Unsafe::objectFieldOffset will be removed in a future release
[INFO] Scanning for projects...
[INFO] 
[INFO] --------------< com.example:ai-todo-procrastination-cure >--------------
[INFO] Building ai-todo-procrastination-cure 0.0.1-SNAPSHOT
[INFO]   from pom.xml
[INFO] --------------------------------[ jar ]---------------------------------
[INFO] 
[INFO] >>> spring-boot:3.3.5:run (default-cli) > test-compile @ ai-todo-procrastination-cure >>>
[INFO] 
[INFO] --- resources:3.3.1:resources (default-resources) @ ai-todo-procrastination-cure ---
[INFO] Copying 1 resource from src/main/resources to target/classes
[INFO] Copying 8 resources from src/main/resources to target/classes
[INFO] 
[INFO] --- compiler:3.13.0:compile (default-compile) @ ai-todo-procrastination-cure ---
[INFO] Nothing to compile - all classes are up to date.
[INFO] 
[INFO] --- resources:3.3.1:testResources (default-testResources) @ ai-todo-procrastination-cure ---
[INFO] skip non existing resourceDirectory /Users/guiwenhui/Documents/workplace/sheji/ai-todo-procrastination-cure/src/test/resources
[INFO] 
[INFO] --- compiler:3.13.0:testCompile (default-testCompile) @ ai-todo-procrastination-cure ---
[INFO] No sources to compile
[INFO] 
[INFO] <<< spring-boot:3.3.5:run (default-cli) < test-compile @ ai-todo-procrastination-cure <<<
[INFO] 
[INFO] 
[INFO] --- spring-boot:3.3.5:run (default-cli) @ ai-todo-procrastination-cure ---
[INFO] Attaching agents: []

  .   ____          _            __ _ _
 /\\ / ___'_ __ _ _(_)_ __  __ _ \ \ \ \
( ( )\___ | '_ | '_| | '_ \/ _` | \ \ \ \
 \\/  ___)| |_)| | | | | || (_| |  ) ) ) )
  '  |____| .__|_| |_|_| |_\__, | / / / /
 =========|_|==============|___/=/_/_/_/

 :: Spring Boot ::                (v3.3.5)

2026-04-01T16:35:56.628+08:00  INFO 83537 --- [           main] com.example.aitodo.AiTodoApplication     : Starting AiTodoApplication using Java 25.0.1 with PID 83537 (/Users/guiwenhui/Documents/workplace/sheji/ai-todo-procrastination-cure/target/classes started by guiwenhui in /Users/guiwenhui/Documents/workplace/sheji/ai-todo-procrastination-cure)
2026-04-01T16:35:56.629+08:00  INFO 83537 --- [           main] com.example.aitodo.AiTodoApplication     : No active profile set, falling back to 1 default profile: "default"
WARNING: A restricted method in java.lang.System has been called
WARNING: java.lang.System::load has been called by org.apache.tomcat.jni.Library in an unnamed module (file:/Users/guiwenhui/Documents/DevelopEnvironment/apache-maven-3.9.9/repository/org/apache/tomcat/embed/tomcat-embed-core/10.1.31/tomcat-embed-core-10.1.31.jar)
WARNING: Use --enable-native-access=ALL-UNNAMED to avoid a warning for callers in this module
WARNING: Restricted methods will be blocked in a future release unless native access is enabled

2026-04-01T16:35:57.015+08:00  INFO 83537 --- [           main] o.s.b.w.embedded.tomcat.TomcatWebServer  : Tomcat initialized with port 8080 (http)
2026-04-01T16:35:57.021+08:00  INFO 83537 --- [           main] o.apache.catalina.core.StandardService   : Starting service [Tomcat]
2026-04-01T16:35:57.022+08:00  INFO 83537 --- [           main] o.apache.catalina.core.StandardEngine    : Starting Servlet engine: [Apache Tomcat/10.1.31]
2026-04-01T16:35:57.041+08:00  INFO 83537 --- [           main] o.a.c.c.C.[Tomcat].[localhost].[/]       : Initializing Spring embedded WebApplicationContext
2026-04-01T16:35:57.041+08:00  INFO 83537 --- [           main] w.s.c.ServletWebServerApplicationContext : Root WebApplicationContext: initialization completed in 390 ms
Logging initialized using 'class org.apache.ibatis.logging.stdout.StdOutImpl' adapter.
2026-04-01T16:35:57.101+08:00  INFO 83537 --- [           main] com.zaxxer.hikari.HikariDataSource       : HikariPool-1 - Starting...
2026-04-01T16:35:57.176+08:00  INFO 83537 --- [           main] com.zaxxer.hikari.pool.HikariPool        : HikariPool-1 - Added connection conn0: url=jdbc:h2:mem:aitodo user=SA
2026-04-01T16:35:57.176+08:00  INFO 83537 --- [           main] com.zaxxer.hikari.HikariDataSource       : HikariPool-1 - Start completed.
2026-04-01T16:35:57.261+08:00  INFO 83537 --- [           main] o.s.b.a.w.s.WelcomePageHandlerMapping    : Adding welcome page template: index
2026-04-01T16:35:57.386+08:00  INFO 83537 --- [           main] o.s.b.w.embedded.tomcat.TomcatWebServer  : Tomcat started on port 8080 (http) with context path '/'
2026-04-01T16:35:57.391+08:00  INFO 83537 --- [           main] com.example.aitodo.AiTodoApplication     : Started AiTodoApplication in 0.895 seconds (process running for 1.014)
2026-04-01T16:36:35.868+08:00  INFO 83537 --- [ionShutdownHook] com.zaxxer.hikari.HikariDataSource       : HikariPool-1 - Shutdown initiated...
2026-04-01T16:36:35.871+08:00  INFO 83537 --- [ionShutdownHook] com.zaxxer.hikari.HikariDataSource       : HikariPool-1 - Shutdown completed.
